<?xml version="1.0" encoding="UTF-8"?>
<testsuite name="com.cs301.crm.ApiGatewayApplicationTests" tests="1" skipped="0" failures="0" errors="0" timestamp="2025-03-11T02:17:41" hostname="gavs-MacBook-Air.local" time="0.35">
  <properties/>
  <testcase name="contextLoads()" classname="com.cs301.crm.ApiGatewayApplicationTests" time="0.35"/>
  <system-out><![CDATA[10:17:40.115 [Test worker] INFO org.springframework.test.context.support.AnnotationConfigContextLoaderUtils -- Could not detect default configuration classes for test class [com.cs301.crm.ApiGatewayApplicationTests]: ApiGatewayApplicationTests does not declare any static, non-private, non-final, nested classes annotated with @Configuration.
10:17:40.149 [Test worker] INFO org.springframework.boot.test.context.SpringBootTestContextBootstrapper -- Found @SpringBootConfiguration com.cs301.crm.ApiGatewayApplication for test class com.cs301.crm.ApiGatewayApplicationTests

  .   ____          _            __ _ _
 /\\ / ___'_ __ _ _(_)_ __  __ _ \ \ \ \
( ( )\___ | '_ | '_| | '_ \/ _` | \ \ \ \
 \\/  ___)| |_)| | | | | || (_| |  ) ) ) )
  '  |____| .__|_| |_|_| |_\__, | / / / /
 =========|_|==============|___/=/_/_/_/

 :: Spring Boot ::                (v3.4.3)

2025-03-11T10:17:40.373+08:00  INFO 70460 --- [api-gateway] [    Test worker] c.cs301.crm.ApiGatewayApplicationTests   : Starting ApiGatewayApplicationTests using Java 17.0.14 with PID 70460 (started by gav in /Users/gav/Desktop/repos/project-2024-25t2-301-g3t3-api-gateway/api-gateway)
2025-03-11T10:17:40.374+08:00  INFO 70460 --- [api-gateway] [    Test worker] c.cs301.crm.ApiGatewayApplicationTests   : No active profile set, falling back to 1 default profile: "default"
2025-03-11T10:17:40.672+08:00  INFO 70460 --- [api-gateway] [    Test worker] o.s.cloud.context.scope.GenericScope     : BeanFactory id=bc75e4df-2f99-3140-a21f-3bf86b1e2bd6
2025-03-11T10:17:40.902+08:00  INFO 70460 --- [api-gateway] [    Test worker] o.s.c.g.r.RouteDefinitionRouteLocator    : Loaded RoutePredicateFactory [After]
2025-03-11T10:17:40.903+08:00  INFO 70460 --- [api-gateway] [    Test worker] o.s.c.g.r.RouteDefinitionRouteLocator    : Loaded RoutePredicateFactory [Before]
2025-03-11T10:17:40.903+08:00  INFO 70460 --- [api-gateway] [    Test worker] o.s.c.g.r.RouteDefinitionRouteLocator    : Loaded RoutePredicateFactory [Between]
2025-03-11T10:17:40.903+08:00  INFO 70460 --- [api-gateway] [    Test worker] o.s.c.g.r.RouteDefinitionRouteLocator    : Loaded RoutePredicateFactory [Cookie]
2025-03-11T10:17:40.903+08:00  INFO 70460 --- [api-gateway] [    Test worker] o.s.c.g.r.RouteDefinitionRouteLocator    : Loaded RoutePredicateFactory [Header]
2025-03-11T10:17:40.903+08:00  INFO 70460 --- [api-gateway] [    Test worker] o.s.c.g.r.RouteDefinitionRouteLocator    : Loaded RoutePredicateFactory [Host]
2025-03-11T10:17:40.903+08:00  INFO 70460 --- [api-gateway] [    Test worker] o.s.c.g.r.RouteDefinitionRouteLocator    : Loaded RoutePredicateFactory [Method]
2025-03-11T10:17:40.903+08:00  INFO 70460 --- [api-gateway] [    Test worker] o.s.c.g.r.RouteDefinitionRouteLocator    : Loaded RoutePredicateFactory [Path]
2025-03-11T10:17:40.903+08:00  INFO 70460 --- [api-gateway] [    Test worker] o.s.c.g.r.RouteDefinitionRouteLocator    : Loaded RoutePredicateFactory [Query]
2025-03-11T10:17:40.903+08:00  INFO 70460 --- [api-gateway] [    Test worker] o.s.c.g.r.RouteDefinitionRouteLocator    : Loaded RoutePredicateFactory [ReadBody]
2025-03-11T10:17:40.903+08:00  INFO 70460 --- [api-gateway] [    Test worker] o.s.c.g.r.RouteDefinitionRouteLocator    : Loaded RoutePredicateFactory [RemoteAddr]
2025-03-11T10:17:40.903+08:00  INFO 70460 --- [api-gateway] [    Test worker] o.s.c.g.r.RouteDefinitionRouteLocator    : Loaded RoutePredicateFactory [XForwardedRemoteAddr]
2025-03-11T10:17:40.903+08:00  INFO 70460 --- [api-gateway] [    Test worker] o.s.c.g.r.RouteDefinitionRouteLocator    : Loaded RoutePredicateFactory [Weight]
2025-03-11T10:17:40.903+08:00  INFO 70460 --- [api-gateway] [    Test worker] o.s.c.g.r.RouteDefinitionRouteLocator    : Loaded RoutePredicateFactory [CloudFoundryRouteService]
2025-03-11T10:17:40.970+08:00  INFO 70460 --- [api-gateway] [    Test worker] o.s.b.a.e.web.EndpointLinksResolver      : Exposing 1 endpoint beneath base path '/actuator'
2025-03-11T10:17:41.082+08:00  INFO 70460 --- [api-gateway] [    Test worker] c.cs301.crm.ApiGatewayApplicationTests   : Started ApiGatewayApplicationTests in 0.819 seconds (process running for 1.259)
]]></system-out>
  <system-err><![CDATA[]]></system-err>
</testsuite>
